<?xml version="1.0" encoding="UTF-8"?>
<testng-results ignored="0" total="3" passed="3" failed="0" skipped="0">
  <reporter-output>
  </reporter-output>
  <suite started-at="2023-12-24T11:17:43 IST" name="Default suite" finished-at="2023-12-24T11:17:45 IST" duration-ms="2396">
    <groups>
    </groups>
    <test started-at="2023-12-24T11:17:43 IST" name="Default test" finished-at="2023-12-24T11:17:45 IST" duration-ms="2396">
      <class name="Dynamic_json">
        <test-method signature="addBook(java.lang.String,java.lang.String)[pri:0, instance:Dynamic_json@7fa98a66]" started-at="2023-12-24T11:17:43 IST" name="addBook" data-provider="BooksData" finished-at="2023-12-24T11:17:45 IST" duration-ms="2004" status="PASS">
          <params>
            <param index="0">
              <value>
                <![CDATA[ghjs]]>
              </value>
            </param>
            <param index="1">
              <value>
                <![CDATA[3456]]>
              </value>
            </param>
          </params>
          <reporter-output>
          </reporter-output>
        </test-method> <!-- addBook -->
        <test-method signature="addBook(java.lang.String,java.lang.String)[pri:0, instance:Dynamic_json@7fa98a66]" started-at="2023-12-24T11:17:45 IST" name="addBook" data-provider="BooksData" finished-at="2023-12-24T11:17:45 IST" duration-ms="169" status="PASS">
          <params>
            <param index="0">
              <value>
                <![CDATA[rdfgh]]>
              </value>
            </param>
            <param index="1">
              <value>
                <![CDATA[34567]]>
              </value>
            </param>
          </params>
          <reporter-output>
          </reporter-output>
        </test-method> <!-- addBook -->
        <test-method signature="addBook(java.lang.String,java.lang.String)[pri:0, instance:Dynamic_json@7fa98a66]" started-at="2023-12-24T11:17:45 IST" name="addBook" data-provider="BooksData" finished-at="2023-12-24T11:17:45 IST" duration-ms="161" status="PASS">
          <params>
            <param index="0">
              <value>
                <![CDATA[dfghj]]>
              </value>
            </param>
            <param index="1">
              <value>
                <![CDATA[23456]]>
              </value>
            </param>
          </params>
          <reporter-output>
          </reporter-output>
        </test-method> <!-- addBook -->
      </class> <!-- Dynamic_json -->
    </test> <!-- Default test -->
  </suite> <!-- Default suite -->
</testng-results>
